e:\leventure\workshop\github\udt_client\debug\main.obj
e:\leventure\workshop\github\udt_client\debug\queue.obj
e:\leventure\workshop\github\udt_client\debug\cache.obj
e:\leventure\workshop\github\udt_client\debug\api.obj
e:\leventure\workshop\github\udt_client\debug\channel.obj
e:\leventure\workshop\github\udt_client\debug\window.obj
e:\leventure\workshop\github\udt_client\debug\epoll.obj
e:\leventure\workshop\github\udt_client\debug\md5.obj
e:\leventure\workshop\github\udt_client\debug\packet.obj
e:\leventure\workshop\github\udt_client\debug\ccc.obj
e:\leventure\workshop\github\udt_client\debug\core.obj
e:\leventure\workshop\github\udt_client\debug\buffer.obj
e:\leventure\workshop\github\udt_client\debug\list.obj
e:\leventure\workshop\github\udt_client\debug\udp_file_send.obj
e:\leventure\workshop\github\udt_client\debug\common.obj
e:\leventure\workshop\github\udt_client\debug\moc_predefs.h
e:\leventure\workshop\github\udt_client\debug\moc_udp_file_send.cpp
e:\leventure\workshop\github\udt_client\debug\moc_widget.cpp
e:\leventure\workshop\github\udt_client\debug\qrc_resource.cpp
e:\leventure\workshop\github\udt_client\ui_widget.h
e:\leventure\workshop\github\udt_client\debug\vc142.pdb
e:\leventure\workshop\github\udt_client\debug\udp_client.tlog\cl.10644.write.1.tlog
e:\leventure\workshop\github\udt_client\debug\udp_client.tlog\cl.command.1.tlog
e:\leventure\workshop\github\udt_client\debug\udp_client.tlog\cl.read.1.tlog
e:\leventure\workshop\github\udt_client\debug\udp_client.tlog\custombuild.command.1.tlog
e:\leventure\workshop\github\udt_client\debug\udp_client.tlog\custombuild.read.1.tlog
e:\leventure\workshop\github\udt_client\debug\udp_client.tlog\custombuild.write.1.tlog
e:\leventure\workshop\github\udt_client\debug\udp_client.tlog\moc.read.1u.tlog
e:\leventure\workshop\github\udt_client\debug\udp_client.tlog\moc.write.1u.tlog
e:\leventure\workshop\github\udt_client\debug\udp_client.tlog\rcc.read.1u.tlog
e:\leventure\workshop\github\udt_client\debug\udp_client.tlog\rcc.write.1u.tlog
e:\leventure\workshop\github\udt_client\debug\udp_client.tlog\udp_client.write.1u.tlog
e:\leventure\workshop\github\udt_client\debug\udp_client.tlog\uic.read.1u.tlog
e:\leventure\workshop\github\udt_client\debug\udp_client.tlog\uic.write.1u.tlog
